<?xml version="1.0" encoding="UTF-8"?>
<testsuite name="com.coveros.hello_world_tests.EvenNumberGeneratorTest" tests="1" skipped="0" failures="0" errors="0" timestamp="2016-06-02T19:00:32" hostname="Supers-MacBook-Pro.local" time="0.001">
  <properties/>
  <testcase name="testRandomEvenNumberGenerator" classname="com.coveros.hello_world_tests.EvenNumberGeneratorTest" time="0.001"/>
  <system-out><![CDATA[]]></system-out>
  <system-err><![CDATA[]]></system-err>
</testsuite>
